This is pdfTeX, Version 3.141592653-2.6-1.40.24 (TeX Live 2022) (preloaded format=pdflatex 2023.1.13)  1 JAN 2025 00:50
entering extended mode
 restricted \write18 enabled.
 %&-line parsing enabled.
**main.tex
(./main.tex
LaTeX2e <2022-11-01> patch level 1
L3 programming layer <2022-12-17>
(d:/Engineering/texlive/2022/texmf-dist/tex/latex/base/article.cls
Document Class: article 2022/07/02 v1.4n Standard LaTeX document class
(d:/Engineering/texlive/2022/texmf-dist/tex/latex/base/size10.clo
File: size10.clo 2022/07/02 v1.4n Standard LaTeX file (size option)
)
\c@part=\count185
\c@section=\count186
\c@subsection=\count187
\c@subsubsection=\count188
\c@paragraph=\count189
\c@subparagraph=\count190
\c@figure=\count191
\c@table=\count192
\abovecaptionskip=\skip48
\belowcaptionskip=\skip49
\bibindent=\dimen140
)

LaTeX Warning: \include should only be used after \begin{document} on input lin
e 2.

(./Includes/settings.tex
(d:/Engineering/texlive/2022/texmf-dist/tex/latex/ntgclass/a4.sty
Package: a4 2023/01/10 v1.2g A4 based page layout
)
(d:/Engineering/texlive/2022/texmf-dist/tex/latex/base/inputenc.sty
Package: inputenc 2021/02/14 v1.3d Input encoding file
\inpenc@prehook=\toks16
\inpenc@posthook=\toks17
)
(d:/Engineering/texlive/2022/texmf-dist/tex/latex/graphics/graphicx.sty
Package: graphicx 2021/09/16 v1.2d Enhanced LaTeX Graphics (DPC,SPQR)

(d:/Engineering/texlive/2022/texmf-dist/tex/latex/graphics/keyval.sty
Package: keyval 2022/05/29 v1.15 key=value parser (DPC)
\KV@toks@=\toks18
)
(d:/Engineering/texlive/2022/texmf-dist/tex/latex/graphics/graphics.sty
Package: graphics 2022/03/10 v1.4e Standard LaTeX Graphics (DPC,SPQR)

(d:/Engineering/texlive/2022/texmf-dist/tex/latex/graphics/trig.sty
Package: trig 2021/08/11 v1.11 sin cos tan (DPC)
)
(d:/Engineering/texlive/2022/texmf-dist/tex/latex/graphics-cfg/graphics.cfg
File: graphics.cfg 2016/06/04 v1.11 sample graphics configuration
)
Package graphics Info: Driver file: pdftex.def on input line 107.

(d:/Engineering/texlive/2022/texmf-dist/tex/latex/graphics-def/pdftex.def
File: pdftex.def 2022/09/22 v1.2b Graphics/color driver for pdftex
))
\Gin@req@height=\dimen141
\Gin@req@width=\dimen142
)
(d:/Engineering/texlive/2022/texmf-dist/tex/latex/caption/caption.sty
Package: caption 2022/03/01 v3.6b Customizing captions (AR)

(d:/Engineering/texlive/2022/texmf-dist/tex/latex/caption/caption3.sty
Package: caption3 2022/03/17 v2.3b caption3 kernel (AR)
\caption@tempdima=\dimen143
\captionmargin=\dimen144
\caption@leftmargin=\dimen145
\caption@rightmargin=\dimen146
\caption@width=\dimen147
\caption@indent=\dimen148
\caption@parindent=\dimen149
\caption@hangindent=\dimen150
Package caption Info: Standard document class detected.
)
\c@caption@flags=\count193
\c@continuedfloat=\count194
)
(d:/Engineering/texlive/2022/texmf-dist/tex/latex/caption/subcaption.sty
Package: subcaption 2022/01/07 v1.5 Sub-captions (AR)
\c@subfigure=\count195
\c@subtable=\count196
)
(d:/Engineering/texlive/2022/texmf-dist/tex/latex/tools/verbatim.sty
Package: verbatim 2022-07-02 v1.5u LaTeX2e package for verbatim enhancements
\every@verbatim=\toks19
\verbatim@line=\toks20
\verbatim@in@stream=\read2
)
(d:/Engineering/texlive/2022/texmf-dist/tex/latex/geometry/geometry.sty
Package: geometry 2020/01/02 v5.9 Page Geometry

(d:/Engineering/texlive/2022/texmf-dist/tex/generic/iftex/ifvtex.sty
Package: ifvtex 2019/10/25 v1.7 ifvtex legacy package. Use iftex instead.

(d:/Engineering/texlive/2022/texmf-dist/tex/generic/iftex/iftex.sty
Package: iftex 2022/02/03 v1.0f TeX engine tests
))
\Gm@cnth=\count197
\Gm@cntv=\count198
\c@Gm@tempcnt=\count199
\Gm@bindingoffset=\dimen151
\Gm@wd@mp=\dimen152
\Gm@odd@mp=\dimen153
\Gm@even@mp=\dimen154
\Gm@layoutwidth=\dimen155
\Gm@layoutheight=\dimen156
\Gm@layouthoffset=\dimen157
\Gm@layoutvoffset=\dimen158
\Gm@dimlist=\toks21
)
(d:/Engineering/texlive/2022/texmf-dist/tex/latex/moreverb/moreverb.sty
Package: moreverb 2008/06/03 v2.3a `more' verbatim facilities
\tab@position=\count266
\tab@size=\count267
\listing@line=\count268
)
(d:/Engineering/texlive/2022/texmf-dist/tex/latex/psfrag/psfrag.sty
Package: psfrag 1998/04/11 v3.04 PSfrag (MCG)
\pfg@pcount=\count269
\pfg@scount=\count270
\pfg@temp=\write3
)
(d:/Engineering/texlive/2022/texmf-dist/tex/latex/amsmath/amsmath.sty
Package: amsmath 2022/04/08 v2.17n AMS math features
\@mathmargin=\skip50

For additional information on amsmath, use the `?' option.
(d:/Engineering/texlive/2022/texmf-dist/tex/latex/amsmath/amstext.sty
Package: amstext 2021/08/26 v2.01 AMS text

(d:/Engineering/texlive/2022/texmf-dist/tex/latex/amsmath/amsgen.sty
File: amsgen.sty 1999/11/30 v2.0 generic functions
\@emptytoks=\toks22
\ex@=\dimen159
))
(d:/Engineering/texlive/2022/texmf-dist/tex/latex/amsmath/amsbsy.sty
Package: amsbsy 1999/11/29 v1.2d Bold Symbols
\pmbraise@=\dimen160
)
(d:/Engineering/texlive/2022/texmf-dist/tex/latex/amsmath/amsopn.sty
Package: amsopn 2022/04/08 v2.04 operator names
)
\inf@bad=\count271
LaTeX Info: Redefining \frac on input line 234.
\uproot@=\count272
\leftroot@=\count273
LaTeX Info: Redefining \overline on input line 399.
LaTeX Info: Redefining \colon on input line 410.
\classnum@=\count274
\DOTSCASE@=\count275
LaTeX Info: Redefining \ldots on input line 496.
LaTeX Info: Redefining \dots on input line 499.
LaTeX Info: Redefining \cdots on input line 620.
\Mathstrutbox@=\box51
\strutbox@=\box52
LaTeX Info: Redefining \big on input line 722.
LaTeX Info: Redefining \Big on input line 723.
LaTeX Info: Redefining \bigg on input line 724.
LaTeX Info: Redefining \Bigg on input line 725.
\big@size=\dimen161
LaTeX Font Info:    Redeclaring font encoding OML on input line 743.
LaTeX Font Info:    Redeclaring font encoding OMS on input line 744.
\macc@depth=\count276
LaTeX Info: Redefining \bmod on input line 905.
LaTeX Info: Redefining \pmod on input line 910.
LaTeX Info: Redefining \smash on input line 940.
LaTeX Info: Redefining \relbar on input line 970.
LaTeX Info: Redefining \Relbar on input line 971.
\c@MaxMatrixCols=\count277
\dotsspace@=\muskip16
\c@parentequation=\count278
\dspbrk@lvl=\count279
\tag@help=\toks23
\row@=\count280
\column@=\count281
\maxfields@=\count282
\andhelp@=\toks24
\eqnshift@=\dimen162
\alignsep@=\dimen163
\tagshift@=\dimen164
\tagwidth@=\dimen165
\totwidth@=\dimen166
\lineht@=\dimen167
\@envbody=\toks25
\multlinegap=\skip51
\multlinetaggap=\skip52
\mathdisplay@stack=\toks26
LaTeX Info: Redefining \[ on input line 2953.
LaTeX Info: Redefining \] on input line 2954.
)
(d:/Engineering/texlive/2022/texmf-dist/tex/latex/amsfonts/amssymb.sty
Package: amssymb 2013/01/14 v3.01 AMS font symbols

(d:/Engineering/texlive/2022/texmf-dist/tex/latex/amsfonts/amsfonts.sty
Package: amsfonts 2013/01/14 v3.01 Basic AMSFonts support
\symAMSa=\mathgroup4
\symAMSb=\mathgroup5
LaTeX Font Info:    Redeclaring math symbol \hbar on input line 98.
LaTeX Font Info:    Overwriting math alphabet `\mathfrak' in version `bold'
(Font)                  U/euf/m/n --> U/euf/b/n on input line 106.
))
(d:/Engineering/texlive/2022/texmf-dist/tex/latex/jknapltx/mathrsfs.sty
Package: mathrsfs 1996/01/01 Math RSFS package v1.0 (jk)
\symrsfs=\mathgroup6
)
(d:/Engineering/texlive/2022/texmf-dist/tex/latex/mathcomp/mathcomp.sty
Package: mathcomp 2001/01/07 v0.1f (TBo)

(d:/Engineering/texlive/2022/texmf-dist/tex/latex/base/textcomp.sty
Package: textcomp 2020/02/02 v2.0n Standard LaTeX package
)
\symTC=\mathgroup7
LaTeX Font Info:    Overwriting symbol font `TC' in version `bold'
(Font)                  TS1/cmr/m/n --> TS1/cmr/bx/n on input line 25.
LaTeX Font Info:    Redeclaring math symbol \dagger on input line 47.
LaTeX Font Info:    Redeclaring math symbol \ddagger on input line 48.
)
(d:/Engineering/texlive/2022/texmf-dist/tex/latex/upquote/upquote.sty
Package: upquote 2012/04/19 v1.3 upright-quote and grave-accent glyphs in verba
tim
)
(d:/Engineering/texlive/2022/texmf-dist/tex/latex/fancyhdr/fancyhdr.sty
Package: fancyhdr 2022/11/09 v4.1 Extensive control of page headers and footers

\f@nch@headwidth=\skip53
\f@nch@O@elh=\skip54
\f@nch@O@erh=\skip55
\f@nch@O@olh=\skip56
\f@nch@O@orh=\skip57
\f@nch@O@elf=\skip58
\f@nch@O@erf=\skip59
\f@nch@O@olf=\skip60
\f@nch@O@orf=\skip61
)
(d:/Engineering/texlive/2022/texmf-dist/tex/latex/natbib/natbib.sty
Package: natbib 2010/09/13 8.31b (PWD, AO)
\bibhang=\skip62
\bibsep=\skip63
LaTeX Info: Redefining \cite on input line 694.
\c@NAT@ctr=\count283
)
(d:/Engineering/texlive/2022/texmf-dist/tex/latex/float/float.sty
Package: float 2001/11/08 v1.3d Float enhancements (AL)
\c@float@type=\count284
\float@exts=\toks27
\float@box=\box53
\@float@everytoks=\toks28
\@floatcapt=\box54
)
(d:/Engineering/texlive/2022/texmf-dist/tex/latex/pgf/frontendlayer/tikz.sty
(d:/Engineering/texlive/2022/texmf-dist/tex/latex/pgf/basiclayer/pgf.sty
(d:/Engineering/texlive/2022/texmf-dist/tex/latex/pgf/utilities/pgfrcs.sty
(d:/Engineering/texlive/2022/texmf-dist/tex/generic/pgf/utilities/pgfutil-commo
n.tex
\pgfutil@everybye=\toks29
\pgfutil@tempdima=\dimen168
\pgfutil@tempdimb=\dimen169

(d:/Engineering/texlive/2022/texmf-dist/tex/generic/pgf/utilities/pgfutil-commo
n-lists.tex))
(d:/Engineering/texlive/2022/texmf-dist/tex/generic/pgf/utilities/pgfutil-latex
.def
\pgfutil@abb=\box55
)
(d:/Engineering/texlive/2022/texmf-dist/tex/generic/pgf/utilities/pgfrcs.code.t
ex (d:/Engineering/texlive/2022/texmf-dist/tex/generic/pgf/pgf.revision.tex)
Package: pgfrcs 2021/05/15 v3.1.9a (3.1.9a)
))
Package: pgf 2021/05/15 v3.1.9a (3.1.9a)

(d:/Engineering/texlive/2022/texmf-dist/tex/latex/pgf/basiclayer/pgfcore.sty
(d:/Engineering/texlive/2022/texmf-dist/tex/latex/pgf/systemlayer/pgfsys.sty
(d:/Engineering/texlive/2022/texmf-dist/tex/generic/pgf/systemlayer/pgfsys.code
.tex
Package: pgfsys 2021/05/15 v3.1.9a (3.1.9a)

(d:/Engineering/texlive/2022/texmf-dist/tex/generic/pgf/utilities/pgfkeys.code.
tex
\pgfkeys@pathtoks=\toks30
\pgfkeys@temptoks=\toks31

(d:/Engineering/texlive/2022/texmf-dist/tex/generic/pgf/utilities/pgfkeysfilter
ed.code.tex
\pgfkeys@tmptoks=\toks32
))
\pgf@x=\dimen170
\pgf@y=\dimen171
\pgf@xa=\dimen172
\pgf@ya=\dimen173
\pgf@xb=\dimen174
\pgf@yb=\dimen175
\pgf@xc=\dimen176
\pgf@yc=\dimen177
\pgf@xd=\dimen178
\pgf@yd=\dimen179
\w@pgf@writea=\write4
\r@pgf@reada=\read3
\c@pgf@counta=\count285
\c@pgf@countb=\count286
\c@pgf@countc=\count287
\c@pgf@countd=\count288
\t@pgf@toka=\toks33
\t@pgf@tokb=\toks34
\t@pgf@tokc=\toks35
\pgf@sys@id@count=\count289

(d:/Engineering/texlive/2022/texmf-dist/tex/generic/pgf/systemlayer/pgf.cfg
File: pgf.cfg 2021/05/15 v3.1.9a (3.1.9a)
)
Driver file for pgf: pgfsys-pdftex.def

(d:/Engineering/texlive/2022/texmf-dist/tex/generic/pgf/systemlayer/pgfsys-pdft
ex.def
File: pgfsys-pdftex.def 2021/05/15 v3.1.9a (3.1.9a)

(d:/Engineering/texlive/2022/texmf-dist/tex/generic/pgf/systemlayer/pgfsys-comm
on-pdf.def
File: pgfsys-common-pdf.def 2021/05/15 v3.1.9a (3.1.9a)
)))
(d:/Engineering/texlive/2022/texmf-dist/tex/generic/pgf/systemlayer/pgfsyssoftp
ath.code.tex
File: pgfsyssoftpath.code.tex 2021/05/15 v3.1.9a (3.1.9a)
\pgfsyssoftpath@smallbuffer@items=\count290
\pgfsyssoftpath@bigbuffer@items=\count291
)
(d:/Engineering/texlive/2022/texmf-dist/tex/generic/pgf/systemlayer/pgfsysproto
col.code.tex
File: pgfsysprotocol.code.tex 2021/05/15 v3.1.9a (3.1.9a)
))
(d:/Engineering/texlive/2022/texmf-dist/tex/latex/xcolor/xcolor.sty
Package: xcolor 2022/06/12 v2.14 LaTeX color extensions (UK)

(d:/Engineering/texlive/2022/texmf-dist/tex/latex/graphics-cfg/color.cfg
File: color.cfg 2016/01/02 v1.6 sample color configuration
)
Package xcolor Info: Driver file: pdftex.def on input line 227.

(d:/Engineering/texlive/2022/texmf-dist/tex/latex/graphics/mathcolor.ltx)
Package xcolor Info: Model `cmy' substituted by `cmy0' on input line 1353.
Package xcolor Info: Model `hsb' substituted by `rgb' on input line 1357.
Package xcolor Info: Model `RGB' extended on input line 1369.
Package xcolor Info: Model `HTML' substituted by `rgb' on input line 1371.
Package xcolor Info: Model `Hsb' substituted by `hsb' on input line 1372.
Package xcolor Info: Model `tHsb' substituted by `hsb' on input line 1373.
Package xcolor Info: Model `HSB' substituted by `hsb' on input line 1374.
Package xcolor Info: Model `Gray' substituted by `gray' on input line 1375.
Package xcolor Info: Model `wave' substituted by `hsb' on input line 1376.
)
(d:/Engineering/texlive/2022/texmf-dist/tex/generic/pgf/basiclayer/pgfcore.code
.tex
Package: pgfcore 2021/05/15 v3.1.9a (3.1.9a)

(d:/Engineering/texlive/2022/texmf-dist/tex/generic/pgf/math/pgfmath.code.tex
(d:/Engineering/texlive/2022/texmf-dist/tex/generic/pgf/math/pgfmathcalc.code.t
ex
(d:/Engineering/texlive/2022/texmf-dist/tex/generic/pgf/math/pgfmathutil.code.t
ex)
(d:/Engineering/texlive/2022/texmf-dist/tex/generic/pgf/math/pgfmathparser.code
.tex
\pgfmath@dimen=\dimen180
\pgfmath@count=\count292
\pgfmath@box=\box56
\pgfmath@toks=\toks36
\pgfmath@stack@operand=\toks37
\pgfmath@stack@operation=\toks38
)
(d:/Engineering/texlive/2022/texmf-dist/tex/generic/pgf/math/pgfmathfunctions.c
ode.tex
(d:/Engineering/texlive/2022/texmf-dist/tex/generic/pgf/math/pgfmathfunctions.b
asic.code.tex)
(d:/Engineering/texlive/2022/texmf-dist/tex/generic/pgf/math/pgfmathfunctions.t
rigonometric.code.tex)
(d:/Engineering/texlive/2022/texmf-dist/tex/generic/pgf/math/pgfmathfunctions.r
andom.code.tex)
(d:/Engineering/texlive/2022/texmf-dist/tex/generic/pgf/math/pgfmathfunctions.c
omparison.code.tex)
(d:/Engineering/texlive/2022/texmf-dist/tex/generic/pgf/math/pgfmathfunctions.b
ase.code.tex)
(d:/Engineering/texlive/2022/texmf-dist/tex/generic/pgf/math/pgfmathfunctions.r
ound.code.tex)
(d:/Engineering/texlive/2022/texmf-dist/tex/generic/pgf/math/pgfmathfunctions.m
isc.code.tex)
(d:/Engineering/texlive/2022/texmf-dist/tex/generic/pgf/math/pgfmathfunctions.i
ntegerarithmetics.code.tex)))
(d:/Engineering/texlive/2022/texmf-dist/tex/generic/pgf/math/pgfmathfloat.code.
tex
\c@pgfmathroundto@lastzeros=\count293
))
(d:/Engineering/texlive/2022/texmf-dist/tex/generic/pgf/math/pgfint.code.tex)
(d:/Engineering/texlive/2022/texmf-dist/tex/generic/pgf/basiclayer/pgfcorepoint
s.code.tex
File: pgfcorepoints.code.tex 2021/05/15 v3.1.9a (3.1.9a)
\pgf@picminx=\dimen181
\pgf@picmaxx=\dimen182
\pgf@picminy=\dimen183
\pgf@picmaxy=\dimen184
\pgf@pathminx=\dimen185
\pgf@pathmaxx=\dimen186
\pgf@pathminy=\dimen187
\pgf@pathmaxy=\dimen188
\pgf@xx=\dimen189
\pgf@xy=\dimen190
\pgf@yx=\dimen191
\pgf@yy=\dimen192
\pgf@zx=\dimen193
\pgf@zy=\dimen194
)
(d:/Engineering/texlive/2022/texmf-dist/tex/generic/pgf/basiclayer/pgfcorepathc
onstruct.code.tex
File: pgfcorepathconstruct.code.tex 2021/05/15 v3.1.9a (3.1.9a)
\pgf@path@lastx=\dimen195
\pgf@path@lasty=\dimen196
)
(d:/Engineering/texlive/2022/texmf-dist/tex/generic/pgf/basiclayer/pgfcorepathu
sage.code.tex
File: pgfcorepathusage.code.tex 2021/05/15 v3.1.9a (3.1.9a)
\pgf@shorten@end@additional=\dimen197
\pgf@shorten@start@additional=\dimen198
)
(d:/Engineering/texlive/2022/texmf-dist/tex/generic/pgf/basiclayer/pgfcorescope
s.code.tex
File: pgfcorescopes.code.tex 2021/05/15 v3.1.9a (3.1.9a)
\pgfpic=\box57
\pgf@hbox=\box58
\pgf@layerbox@main=\box59
\pgf@picture@serial@count=\count294
)
(d:/Engineering/texlive/2022/texmf-dist/tex/generic/pgf/basiclayer/pgfcoregraph
icstate.code.tex
File: pgfcoregraphicstate.code.tex 2021/05/15 v3.1.9a (3.1.9a)
\pgflinewidth=\dimen199
)
(d:/Engineering/texlive/2022/texmf-dist/tex/generic/pgf/basiclayer/pgfcoretrans
formations.code.tex
File: pgfcoretransformations.code.tex 2021/05/15 v3.1.9a (3.1.9a)
\pgf@pt@x=\dimen256
\pgf@pt@y=\dimen257
\pgf@pt@temp=\dimen258
)
(d:/Engineering/texlive/2022/texmf-dist/tex/generic/pgf/basiclayer/pgfcorequick
.code.tex
File: pgfcorequick.code.tex 2021/05/15 v3.1.9a (3.1.9a)
)
(d:/Engineering/texlive/2022/texmf-dist/tex/generic/pgf/basiclayer/pgfcoreobjec
ts.code.tex
File: pgfcoreobjects.code.tex 2021/05/15 v3.1.9a (3.1.9a)
)
(d:/Engineering/texlive/2022/texmf-dist/tex/generic/pgf/basiclayer/pgfcorepathp
rocessing.code.tex
File: pgfcorepathprocessing.code.tex 2021/05/15 v3.1.9a (3.1.9a)
)
(d:/Engineering/texlive/2022/texmf-dist/tex/generic/pgf/basiclayer/pgfcorearrow
s.code.tex
File: pgfcorearrows.code.tex 2021/05/15 v3.1.9a (3.1.9a)
\pgfarrowsep=\dimen259
)
(d:/Engineering/texlive/2022/texmf-dist/tex/generic/pgf/basiclayer/pgfcoreshade
.code.tex
File: pgfcoreshade.code.tex 2021/05/15 v3.1.9a (3.1.9a)
\pgf@max=\dimen260
\pgf@sys@shading@range@num=\count295
\pgf@shadingcount=\count296
)
(d:/Engineering/texlive/2022/texmf-dist/tex/generic/pgf/basiclayer/pgfcoreimage
.code.tex
File: pgfcoreimage.code.tex 2021/05/15 v3.1.9a (3.1.9a)

(d:/Engineering/texlive/2022/texmf-dist/tex/generic/pgf/basiclayer/pgfcoreexter
nal.code.tex
File: pgfcoreexternal.code.tex 2021/05/15 v3.1.9a (3.1.9a)
\pgfexternal@startupbox=\box60
))
(d:/Engineering/texlive/2022/texmf-dist/tex/generic/pgf/basiclayer/pgfcorelayer
s.code.tex
File: pgfcorelayers.code.tex 2021/05/15 v3.1.9a (3.1.9a)
)
(d:/Engineering/texlive/2022/texmf-dist/tex/generic/pgf/basiclayer/pgfcoretrans
parency.code.tex
File: pgfcoretransparency.code.tex 2021/05/15 v3.1.9a (3.1.9a)
)
(d:/Engineering/texlive/2022/texmf-dist/tex/generic/pgf/basiclayer/pgfcorepatte
rns.code.tex
File: pgfcorepatterns.code.tex 2021/05/15 v3.1.9a (3.1.9a)
)
(d:/Engineering/texlive/2022/texmf-dist/tex/generic/pgf/basiclayer/pgfcorerdf.c
ode.tex
File: pgfcorerdf.code.tex 2021/05/15 v3.1.9a (3.1.9a)
)))
(d:/Engineering/texlive/2022/texmf-dist/tex/generic/pgf/modules/pgfmoduleshapes
.code.tex
File: pgfmoduleshapes.code.tex 2021/05/15 v3.1.9a (3.1.9a)
\pgfnodeparttextbox=\box61
)
(d:/Engineering/texlive/2022/texmf-dist/tex/generic/pgf/modules/pgfmoduleplot.c
ode.tex
File: pgfmoduleplot.code.tex 2021/05/15 v3.1.9a (3.1.9a)
)
(d:/Engineering/texlive/2022/texmf-dist/tex/latex/pgf/compatibility/pgfcomp-ver
sion-0-65.sty
Package: pgfcomp-version-0-65 2021/05/15 v3.1.9a (3.1.9a)
\pgf@nodesepstart=\dimen261
\pgf@nodesepend=\dimen262
)
(d:/Engineering/texlive/2022/texmf-dist/tex/latex/pgf/compatibility/pgfcomp-ver
sion-1-18.sty
Package: pgfcomp-version-1-18 2021/05/15 v3.1.9a (3.1.9a)
))
(d:/Engineering/texlive/2022/texmf-dist/tex/latex/pgf/utilities/pgffor.sty
(d:/Engineering/texlive/2022/texmf-dist/tex/latex/pgf/utilities/pgfkeys.sty
(d:/Engineering/texlive/2022/texmf-dist/tex/generic/pgf/utilities/pgfkeys.code.
tex)) (d:/Engineering/texlive/2022/texmf-dist/tex/latex/pgf/math/pgfmath.sty
(d:/Engineering/texlive/2022/texmf-dist/tex/generic/pgf/math/pgfmath.code.tex))

(d:/Engineering/texlive/2022/texmf-dist/tex/generic/pgf/utilities/pgffor.code.t
ex
Package: pgffor 2021/05/15 v3.1.9a (3.1.9a)

(d:/Engineering/texlive/2022/texmf-dist/tex/generic/pgf/math/pgfmath.code.tex)
\pgffor@iter=\dimen263
\pgffor@skip=\dimen264
\pgffor@stack=\toks39
\pgffor@toks=\toks40
))
(d:/Engineering/texlive/2022/texmf-dist/tex/generic/pgf/frontendlayer/tikz/tikz
.code.tex
Package: tikz 2021/05/15 v3.1.9a (3.1.9a)

(d:/Engineering/texlive/2022/texmf-dist/tex/generic/pgf/libraries/pgflibraryplo
thandlers.code.tex
File: pgflibraryplothandlers.code.tex 2021/05/15 v3.1.9a (3.1.9a)
\pgf@plot@mark@count=\count297
\pgfplotmarksize=\dimen265
)
\tikz@lastx=\dimen266
\tikz@lasty=\dimen267
\tikz@lastxsaved=\dimen268
\tikz@lastysaved=\dimen269
\tikz@lastmovetox=\dimen270
\tikz@lastmovetoy=\dimen271
\tikzleveldistance=\dimen272
\tikzsiblingdistance=\dimen273
\tikz@figbox=\box62
\tikz@figbox@bg=\box63
\tikz@tempbox=\box64
\tikz@tempbox@bg=\box65
\tikztreelevel=\count298
\tikznumberofchildren=\count299
\tikznumberofcurrentchild=\count300
\tikz@fig@count=\count301

(d:/Engineering/texlive/2022/texmf-dist/tex/generic/pgf/modules/pgfmodulematrix
.code.tex
File: pgfmodulematrix.code.tex 2021/05/15 v3.1.9a (3.1.9a)
\pgfmatrixcurrentrow=\count302
\pgfmatrixcurrentcolumn=\count303
\pgf@matrix@numberofcolumns=\count304
)
\tikz@expandcount=\count305

(d:/Engineering/texlive/2022/texmf-dist/tex/generic/pgf/frontendlayer/tikz/libr
aries/tikzlibrarytopaths.code.tex
File: tikzlibrarytopaths.code.tex 2021/05/15 v3.1.9a (3.1.9a)
)))
(d:/Engineering/texlive/2022/texmf-dist/tex/latex/colortbl/colortbl.sty
Package: colortbl 2022/06/20 v1.0f Color table columns (DPC)

(d:/Engineering/texlive/2022/texmf-dist/tex/latex/tools/array.sty
Package: array 2022/09/04 v2.5g Tabular extension package (FMi)
\col@sep=\dimen274
\ar@mcellbox=\box66
\extrarowheight=\dimen275
\NC@list=\toks41
\extratabsurround=\skip64
\backup@length=\skip65
\ar@cellbox=\box67
)
\everycr=\toks42
\minrowclearance=\skip66
\rownum=\count306
)
(d:/Engineering/texlive/2022/texmf-dist/tex/latex/import/import.sty
Package: import 2020/04/01  v 6.2
)
\c@reaction=\count307

(d:/Engineering/texlive/2022/texmf-dist/tex/latex/imakeidx/imakeidx.sty
Package: imakeidx 2016/10/15 v1.3e Package for typesetting indices in a synchro
nous mode

(d:/Engineering/texlive/2022/texmf-dist/tex/latex/xkeyval/xkeyval.sty
Package: xkeyval 2022/06/16 v2.9 package option processing (HA)

(d:/Engineering/texlive/2022/texmf-dist/tex/generic/xkeyval/xkeyval.tex
(d:/Engineering/texlive/2022/texmf-dist/tex/generic/xkeyval/xkvutils.tex
\XKV@toks=\toks43
\XKV@tempa@toks=\toks44
)
\XKV@depth=\count308
File: xkeyval.tex 2014/12/03 v2.7a key=value parser (HA)
))
(d:/Engineering/texlive/2022/texmf-dist/tex/generic/iftex/ifxetex.sty
Package: ifxetex 2019/10/25 v0.7 ifxetex legacy package. Use iftex instead.
)
(d:/Engineering/texlive/2022/texmf-dist/tex/generic/iftex/ifluatex.sty
Package: ifluatex 2019/10/25 v1.5 ifluatex legacy package. Use iftex instead.
)
(d:/Engineering/texlive/2022/texmf-dist/tex/latex/tools/multicol.sty
Package: multicol 2021/11/30 v1.9d multicolumn formatting (FMi)
\c@tracingmulticols=\count309
\mult@box=\box68
\multicol@leftmargin=\dimen276
\c@unbalance=\count310
\c@collectmore=\count311
\doublecol@number=\count312
\multicoltolerance=\count313
\multicolpretolerance=\count314
\full@width=\dimen277
\page@free=\dimen278
\premulticols=\dimen279
\postmulticols=\dimen280
\multicolsep=\skip67
\multicolbaselineskip=\skip68
\partial@page=\box69
\last@line=\box70
\maxbalancingoverflow=\dimen281
\mult@rightbox=\box71
\mult@grightbox=\box72
\mult@firstbox=\box73
\mult@gfirstbox=\box74
\@tempa=\box75
\@tempa=\box76
\@tempa=\box77
\@tempa=\box78
\@tempa=\box79
\@tempa=\box80
\@tempa=\box81
\@tempa=\box82
\@tempa=\box83
\@tempa=\box84
\@tempa=\box85
\@tempa=\box86
\@tempa=\box87
\@tempa=\box88
\@tempa=\box89
\@tempa=\box90
\@tempa=\box91
\@tempa=\box92
\@tempa=\box93
\@tempa=\box94
\@tempa=\box95
\@tempa=\box96
\@tempa=\box97
\@tempa=\box98
\@tempa=\box99
\@tempa=\box100
\@tempa=\box101
\@tempa=\box102
\@tempa=\box103
\@tempa=\box104
\@tempa=\box105
\@tempa=\box106
\@tempa=\box107
\@tempa=\box108
\@tempa=\box109
\@tempa=\box110
\c@minrows=\count315
\c@columnbadness=\count316
\c@finalcolumnbadness=\count317
\last@try=\dimen282
\multicolovershoot=\dimen283
\multicolundershoot=\dimen284
\mult@nat@firstbox=\box111
\colbreak@box=\box112
\mc@col@check@num=\count318
))
\main@idxfile=\write5
\openout5 = `main.idx'.


Writing index file main.idx
(d:/Engineering/texlive/2022/texmf-dist/tex/latex/hyperref/hyperref.sty
Package: hyperref 2022-11-13 v7.00u Hypertext links for LaTeX

(d:/Engineering/texlive/2022/texmf-dist/tex/generic/ltxcmds/ltxcmds.sty
Package: ltxcmds 2020-05-10 v1.25 LaTeX kernel commands for general use (HO)
)
(d:/Engineering/texlive/2022/texmf-dist/tex/generic/pdftexcmds/pdftexcmds.sty
Package: pdftexcmds 2020-06-27 v0.33 Utility functions of pdfTeX for LuaTeX (HO
)

(d:/Engineering/texlive/2022/texmf-dist/tex/generic/infwarerr/infwarerr.sty
Package: infwarerr 2019/12/03 v1.5 Providing info/warning/error messages (HO)
)
Package pdftexcmds Info: \pdf@primitive is available.
Package pdftexcmds Info: \pdf@ifprimitive is available.
Package pdftexcmds Info: \pdfdraftmode found.
)
(d:/Engineering/texlive/2022/texmf-dist/tex/latex/kvsetkeys/kvsetkeys.sty
Package: kvsetkeys 2022-10-05 v1.19 Key value parser (HO)
)
(d:/Engineering/texlive/2022/texmf-dist/tex/generic/kvdefinekeys/kvdefinekeys.s
ty
Package: kvdefinekeys 2019-12-19 v1.6 Define keys (HO)
) (d:/Engineering/texlive/2022/texmf-dist/tex/generic/pdfescape/pdfescape.sty
Package: pdfescape 2019/12/09 v1.15 Implements pdfTeX's escape features (HO)
) (d:/Engineering/texlive/2022/texmf-dist/tex/latex/hycolor/hycolor.sty
Package: hycolor 2020-01-27 v1.10 Color options for hyperref/bookmark (HO)
)
(d:/Engineering/texlive/2022/texmf-dist/tex/latex/letltxmacro/letltxmacro.sty
Package: letltxmacro 2019/12/03 v1.6 Let assignment for LaTeX macros (HO)
)
(d:/Engineering/texlive/2022/texmf-dist/tex/latex/auxhook/auxhook.sty
Package: auxhook 2019-12-17 v1.6 Hooks for auxiliary files (HO)
)
(d:/Engineering/texlive/2022/texmf-dist/tex/latex/hyperref/nameref.sty
Package: nameref 2022-05-17 v2.50 Cross-referencing by name of section

(d:/Engineering/texlive/2022/texmf-dist/tex/latex/refcount/refcount.sty
Package: refcount 2019/12/15 v3.6 Data extraction from label references (HO)
)
(d:/Engineering/texlive/2022/texmf-dist/tex/generic/gettitlestring/gettitlestri
ng.sty
Package: gettitlestring 2019/12/15 v1.6 Cleanup title references (HO)

(d:/Engineering/texlive/2022/texmf-dist/tex/latex/kvoptions/kvoptions.sty
Package: kvoptions 2022-06-15 v3.15 Key value format for package options (HO)
))
\c@section@level=\count319
)
\@linkdim=\dimen285
\Hy@linkcounter=\count320
\Hy@pagecounter=\count321

(d:/Engineering/texlive/2022/texmf-dist/tex/latex/hyperref/pd1enc.def
File: pd1enc.def 2022-11-13 v7.00u Hyperref: PDFDocEncoding definition (HO)
Now handling font encoding PD1 ...
... no UTF-8 mapping file for font encoding PD1
)
(d:/Engineering/texlive/2022/texmf-dist/tex/generic/intcalc/intcalc.sty
Package: intcalc 2019/12/15 v1.3 Expandable calculations with integers (HO)
)
(d:/Engineering/texlive/2022/texmf-dist/tex/generic/etexcmds/etexcmds.sty
Package: etexcmds 2019/12/15 v1.7 Avoid name clashes with e-TeX commands (HO)
)
\Hy@SavedSpaceFactor=\count322

(d:/Engineering/texlive/2022/texmf-dist/tex/latex/hyperref/puenc.def
File: puenc.def 2022-11-13 v7.00u Hyperref: PDF Unicode definition (HO)
Now handling font encoding PU ...
... no UTF-8 mapping file for font encoding PU
)
Package hyperref Info: Option `colorlinks' set `true' on input line 4045.
Package hyperref Info: Hyper figures OFF on input line 4162.
Package hyperref Info: Link nesting OFF on input line 4167.
Package hyperref Info: Hyper index ON on input line 4170.
Package hyperref Info: Plain pages OFF on input line 4177.
Package hyperref Info: Backreferencing OFF on input line 4182.
Package hyperref Info: Implicit mode ON; LaTeX internals redefined.
Package hyperref Info: Bookmarks ON on input line 4410.
\c@Hy@tempcnt=\count323

(d:/Engineering/texlive/2022/texmf-dist/tex/latex/url/url.sty
\Urlmuskip=\muskip17
Package: url 2013/09/16  ver 3.4  Verb mode for urls, etc.
)
LaTeX Info: Redefining \url on input line 4748.
\XeTeXLinkMargin=\dimen286

(d:/Engineering/texlive/2022/texmf-dist/tex/generic/bitset/bitset.sty
Package: bitset 2019/12/09 v1.3 Handle bit-vector datatype (HO)

(d:/Engineering/texlive/2022/texmf-dist/tex/generic/bigintcalc/bigintcalc.sty
Package: bigintcalc 2019/12/15 v1.5 Expandable calculations on big integers (HO
)
))
\Fld@menulength=\count324
\Field@Width=\dimen287
\Fld@charsize=\dimen288
Package hyperref Info: Hyper figures OFF on input line 6027.
Package hyperref Info: Link nesting OFF on input line 6032.
Package hyperref Info: Hyper index ON on input line 6035.
Package hyperref Info: backreferencing OFF on input line 6042.
Package hyperref Info: Link coloring ON on input line 6045.
Package hyperref Info: Link coloring with OCG OFF on input line 6052.
Package hyperref Info: PDF/A mode OFF on input line 6057.
(d:/Engineering/texlive/2022/texmf-dist/tex/latex/base/atbegshi-ltx.sty
Package: atbegshi-ltx 2021/01/10 v1.0c Emulation of the original atbegshi
package with kernel methods
)
\Hy@abspage=\count325
\c@Item=\count326
\c@Hfootnote=\count327
)
Package hyperref Info: Driver (autodetected): hpdftex.

(d:/Engineering/texlive/2022/texmf-dist/tex/latex/hyperref/hpdftex.def
File: hpdftex.def 2022-11-13 v7.00u Hyperref driver for pdfTeX

(d:/Engineering/texlive/2022/texmf-dist/tex/latex/base/atveryend-ltx.sty
Package: atveryend-ltx 2020/08/19 v1.0a Emulation of the original atveryend pac
kage
with kernel methods
)
\Fld@listcount=\count328
\c@bookmark@seq@number=\count329

(d:/Engineering/texlive/2022/texmf-dist/tex/latex/rerunfilecheck/rerunfilecheck
.sty
Package: rerunfilecheck 2022-07-10 v1.10 Rerun checks for auxiliary files (HO)

(d:/Engineering/texlive/2022/texmf-dist/tex/generic/uniquecounter/uniquecounter
.sty
Package: uniquecounter 2019/12/15 v1.4 Provide unlimited unique counter (HO)
)
Package uniquecounter Info: New unique counter `rerunfilecheck' on input line 2
85.
)
\Hy@SectionHShift=\skip69
) (d:/Engineering/texlive/2022/texmf-dist/tex/generic/soul/soul.sty
Package: soul 2003/11/17 v2.4 letterspacing/underlining (mf)
\SOUL@word=\toks45
\SOUL@lasttoken=\toks46
\SOUL@cmds=\toks47
\SOUL@buffer=\toks48
\SOUL@token=\toks49
\SOUL@spaceskip=\skip70
\SOUL@ttwidth=\dimen289
\SOUL@uldp=\dimen290
\SOUL@ulht=\dimen291
)
(d:/Engineering/texlive/2022/texmf-dist/tex/latex/mhchem/mhchem.sty
Package: mhchem 2021/12/31 v4.09 for typesetting chemical formulae

(d:/Engineering/texlive/2022/texmf-dist/tex/latex/l3kernel/expl3.sty
Package: expl3 2022-12-17 L3 programming layer (loader) 

(d:/Engineering/texlive/2022/texmf-dist/tex/latex/l3backend/l3backend-pdftex.de
f
File: l3backend-pdftex.def 2022-10-26 L3 backend support: PDF output (pdfTeX)
\l__color_backend_stack_int=\count330
\l__pdf_internal_box=\box113
))
(d:/Engineering/texlive/2022/texmf-dist/tex/latex/l3packages/l3keys2e/l3keys2e.
sty
Package: l3keys2e 2022-12-17 LaTeX2e option processing using LaTeX3 keys
) (d:/Engineering/texlive/2022/texmf-dist/tex/latex/tools/calc.sty
Package: calc 2017/05/25 v4.3 Infix arithmetic (KKT,FJ)
\calc@Acount=\count331
\calc@Bcount=\count332
\calc@Adimen=\dimen292
\calc@Bdimen=\dimen293
\calc@Askip=\skip71
\calc@Bskip=\skip72
LaTeX Info: Redefining \setlength on input line 80.
LaTeX Info: Redefining \addtolength on input line 81.
\calc@Ccount=\count333
\calc@Cskip=\skip73
)
(d:/Engineering/texlive/2022/texmf-dist/tex/latex/chemgreek/chemgreek.sty
(d:/Engineering/texlive/2022/texmf-dist/tex/latex/l3packages/xparse/xparse.sty
Package: xparse 2022-12-17 L3 Experimental document command parser
)
Package: chemgreek 2020/01/16 v1.1a interface for upright Greek letters for use
 in chemistry (CN)
\l__chemgreek_tmpa_int=\count334
\g__chemgreek_tmpa_int=\count335
)
\l__mhchem_ce_distanceFromLastComma_int=\count336
\__mhchem_arrow_extPgfLength_skip=\skip74
\mhchem@minispace@tmp=\skip75
\mhchem@minibackspace@tmp=\skip76
\mhchem@bondwidth=\skip77
\mhchem@bondheight=\skip78
\mhchem@smallbondwidth@tmpA=\skip79
\mhchem@smallbondwidth@tmpB=\skip80
\mhchem@smallbondwidth=\skip81
\mhchem@bondtmp@minussidebearingleft=\skip82
\mhchem@bondtmp@minussidebearingright=\skip83
\l__mhchem_option_version_int=\count337
\mhchem@option@minusmathsidebearingleft=\dimen294
\mhchem@option@minusmathsidebearingright=\dimen295
\mhchem@option@minustextsidebearingleft=\dimen296
\mhchem@option@minustextsidebearingright=\dimen297
) (d:/Engineering/texlive/2022/texmf-dist/tex/latex/comment/comment.sty
\CommentStream=\write6

Excluding comment 'comment')
(d:/Engineering/texlive/2022/texmf-dist/tex/latex/listings/listings.sty
\lst@mode=\count338
\lst@gtempboxa=\box114
\lst@token=\toks50
\lst@length=\count339
\lst@currlwidth=\dimen298
\lst@column=\count340
\lst@pos=\count341
\lst@lostspace=\dimen299
\lst@width=\dimen300
\lst@newlines=\count342
\lst@lineno=\count343
\lst@maxwidth=\dimen301

(d:/Engineering/texlive/2022/texmf-dist/tex/latex/listings/lstmisc.sty
File: lstmisc.sty 2020/03/24 1.8d (Carsten Heinz)
\c@lstnumber=\count344
\lst@skipnumbers=\count345
\lst@framebox=\box115
)
(d:/Engineering/texlive/2022/texmf-dist/tex/latex/listings/listings.cfg
File: listings.cfg 2020/03/24 1.8d listings configuration
))
Package: listings 2020/03/24 1.8d (Carsten Heinz)

(d:/Engineering/texlive/2022/texmf-dist/tex/latex/accsupp/accsupp.sty
Package: accsupp 2019/12/05 v0.6 Accessibility support by marked content (HO)

(d:/Engineering/texlive/2022/texmf-dist/tex/latex/accsupp/accsupp-pdftex.def
File: accsupp-pdftex.def 2019/12/05 v0.6 accsupp driver for pdfTeX (HO)
))
LaTeX Info: Redefining \textalltt on input line 133.

(d:/Engineering/texlive/2022/texmf-dist/tex/latex/siunitx/siunitx.sty
Package: siunitx 2023-01-03 v3.2.0 A comprehensive (SI) units package
\l__siunitx_angle_tmp_dim=\dimen302
\l__siunitx_angle_marker_box=\box116
\l__siunitx_angle_unit_box=\box117
\l__siunitx_compound_count_int=\count346

(d:/Engineering/texlive/2022/texmf-dist/tex/latex/translations/translations.sty
Package: translations 2022/02/05 v1.12 internationalization of LaTeX2e packages
 (CN)
(d:/Engineering/texlive/2022/texmf-dist/tex/latex/etoolbox/etoolbox.sty
Package: etoolbox 2020/10/05 v2.5k e-TeX tools for LaTeX (JAW)
\etb@tempcnta=\count347
))
\l__siunitx_number_exponent_fixed_int=\count348
\l__siunitx_number_min_decimal_int=\count349
\l__siunitx_number_min_integer_int=\count350
\l__siunitx_number_round_precision_int=\count351
\l__siunitx_number_lower_threshold_int=\count352
\l__siunitx_number_upper_threshold_int=\count353
\l__siunitx_number_group_first_int=\count354
\l__siunitx_number_group_size_int=\count355
\l__siunitx_number_group_minimum_int=\count356
\l__siunitx_table_tmp_box=\box118
\l__siunitx_table_tmp_dim=\dimen303
\l__siunitx_table_column_width_dim=\dimen304
\l__siunitx_table_integer_box=\box119
\l__siunitx_table_decimal_box=\box120
\l__siunitx_table_uncert_box=\box121
\l__siunitx_table_before_box=\box122
\l__siunitx_table_after_box=\box123
\l__siunitx_table_before_dim=\dimen305
\l__siunitx_table_carry_dim=\dimen306
\l__siunitx_unit_tmp_int=\count357
\l__siunitx_unit_position_int=\count358
\l__siunitx_unit_total_int=\count359
)
(d:/Engineering/texlive/2022/texmf-dist/tex/latex/nomencl/nomencl.sty
Package: nomencl 2021/11/10 v5.6 Nomenclature package

(d:/Engineering/texlive/2022/texmf-dist/tex/latex/base/ifthen.sty
Package: ifthen 2022/04/13 v1.1d Standard LaTeX ifthen package (DPC)
)
(d:/Engineering/texlive/2022/texmf-dist/tex/latex/koma-script/tocbasic.sty
Package: tocbasic 2022/10/12 v3.38 KOMA-Script package (handling toc-files)

(d:/Engineering/texlive/2022/texmf-dist/tex/latex/koma-script/scrbase.sty
Package: scrbase 2022/10/12 v3.38 KOMA-Script package (KOMA-Script-independent 
basics and keyval usage)

(d:/Engineering/texlive/2022/texmf-dist/tex/latex/koma-script/scrlfile.sty
Package: scrlfile 2022/10/12 v3.38 KOMA-Script package (file load hooks)

(d:/Engineering/texlive/2022/texmf-dist/tex/latex/koma-script/scrlfile-hook.sty
Package: scrlfile-hook 2022/10/12 v3.38 KOMA-Script package (using LaTeX hooks)

(d:/Engineering/texlive/2022/texmf-dist/tex/latex/koma-script/scrlogo.sty
Package: scrlogo 2022/10/12 v3.38 KOMA-Script package (logo)
)))
Applying: [2021/05/01] Usage of raw or classic option list on input line 252.
Already applied: [0000/00/00] Usage of raw or classic option list on input line
 368.
)
\scr@dte@tocline@numberwidth=\skip84
\scr@dte@tocline@numbox=\box124
)
Package tocbasic Info: omitting babel extension for `nlo'
(tocbasic)             because of missing \bbl@set@language on input line 187.
Package tocbasic Info: omitting babel extension for `nls'
(tocbasic)             because of missing \bbl@set@language on input line 188.
\nomlabelwidth=\dimen307
\nom@tempdim=\dimen308
\nomitemsep=\skip85
)
\@nomenclaturefile=\write7
\openout7 = `main.nlo'.

Package nomencl Info: Writing nomenclature file main.nlo on input line 185.
)
Package translations Info: No language package found. I am going to use `englis
h' as default language. on input line 5.
 (./main.aux (./Includes/title.aux)

LaTeX Warning: Label `eqn:COrate_ox' multiply defined.


LaTeX Warning: Label `reac:chemdim_reacdim' multiply defined.


LaTeX Warning: Label `reac:chemdim_reacdim' multiply defined.

)
\openout1 = `main.aux'.

LaTeX Font Info:    Checking defaults for OML/cmm/m/it on input line 5.
LaTeX Font Info:    ... okay on input line 5.
LaTeX Font Info:    Checking defaults for OMS/cmsy/m/n on input line 5.
LaTeX Font Info:    ... okay on input line 5.
LaTeX Font Info:    Checking defaults for OT1/cmr/m/n on input line 5.
LaTeX Font Info:    ... okay on input line 5.
LaTeX Font Info:    Checking defaults for T1/cmr/m/n on input line 5.
LaTeX Font Info:    ... okay on input line 5.
LaTeX Font Info:    Checking defaults for TS1/cmr/m/n on input line 5.
LaTeX Font Info:    ... okay on input line 5.
LaTeX Font Info:    Checking defaults for OMX/cmex/m/n on input line 5.
LaTeX Font Info:    ... okay on input line 5.
LaTeX Font Info:    Checking defaults for U/cmr/m/n on input line 5.
LaTeX Font Info:    ... okay on input line 5.
LaTeX Font Info:    Checking defaults for PD1/pdf/m/n on input line 5.
LaTeX Font Info:    ... okay on input line 5.
LaTeX Font Info:    Checking defaults for PU/pdf/m/n on input line 5.
LaTeX Font Info:    ... okay on input line 5.
 (d:/Engineering/texlive/2022/texmf-dist/tex/context/base/mkii/supp-pdf.mkii
[Loading MPS to PDF converter (version 2006.09.02).]
\scratchcounter=\count360
\scratchdimen=\dimen309
\scratchbox=\box125
\nofMPsegments=\count361
\nofMParguments=\count362
\everyMPshowfont=\toks51
\MPscratchCnt=\count363
\MPscratchDim=\dimen310
\MPnumerator=\count364
\makeMPintoPDFobject=\count365
\everyMPtoPDFconversion=\toks52
)
(d:/Engineering/texlive/2022/texmf-dist/tex/latex/epstopdf-pkg/epstopdf-base.st
y
Package: epstopdf-base 2020-01-24 v2.11 Base part for package epstopdf
Package epstopdf-base Info: Redefining graphics rule for `.eps' on input line 4
85.

(d:/Engineering/texlive/2022/texmf-dist/tex/latex/latexconfig/epstopdf-sys.cfg
File: epstopdf-sys.cfg 2010/07/13 v1.3 Configuration of (r)epstopdf for TeX Liv
e
))
Package caption Info: Begin \AtBeginDocument code.
Package caption Info: float package is loaded.
Package caption Info: hyperref package is loaded.
Package caption Info: listings package is loaded.
Package caption Info: End \AtBeginDocument code.

*geometry* driver: auto-detecting
*geometry* detected driver: pdftex
*geometry* verbose mode - [ preamble ] result:
* driver: pdftex
* paper: <default>
* layout: <same size as paper>
* layoutoffset:(h,v)=(0.0pt,0.0pt)
* modes: 
* h-part:(L,W,R)=(79.49744pt, 433.62pt, 101.17757pt)
* v-part:(T,H,B)=(72.26999pt, 650.43pt, 72.27pt)
* \paperwidth=614.295pt
* \paperheight=794.96999pt
* \textwidth=433.62pt
* \textheight=650.43pt
* \oddsidemargin=7.22745pt
* \evensidemargin=7.22745pt
* \topmargin=-37.0pt
* \headheight=12.0pt
* \headsep=25.0pt
* \topskip=10.0pt
* \footskip=30.0pt
* \marginparwidth=72.26999pt
* \marginparsep=11.0pt
* \columnsep=10.0pt
* \skip\footins=9.0pt plus 4.0pt minus 2.0pt
* \hoffset=0.0pt
* \voffset=0.0pt
* \mag=1000
* \@twocolumnfalse
* \@twosidefalse
* \@mparswitchfalse
* \@reversemarginfalse
* (1in=72.27pt=25.4mm, 1cm=28.453pt)

Package hyperref Info: Link coloring ON on input line 5.
(./main.out) (./main.out)
\@outlinefile=\write8
\openout8 = `main.out'.


Package chemgreek Info: Activating mapping `default' on line 5.

\c@lstlisting=\count366

(d:/Engineering/texlive/2022/texmf-dist/tex/latex/translations/translations-bas
ic-dictionary-english.trsl
File: translations-basic-dictionary-english.trsl (english translation file `tra
nslations-basic-dictionary')
)
Package translations Info: loading dictionary `translations-basic-dictionary' f
or `english'. on input line 5.
\openout2 = `Includes/title.aux'.

 (./Includes/title.tex
LaTeX Font Info:    Trying to load font information for U+msa on input line 12.


(d:/Engineering/texlive/2022/texmf-dist/tex/latex/amsfonts/umsa.fd
File: umsa.fd 2013/01/14 v3.01 AMS symbols A
)
LaTeX Font Info:    Trying to load font information for U+msb on input line 12.


(d:/Engineering/texlive/2022/texmf-dist/tex/latex/amsfonts/umsb.fd
File: umsb.fd 2013/01/14 v3.01 AMS symbols B
)
LaTeX Font Info:    Trying to load font information for U+rsfs on input line 12
.

(d:/Engineering/texlive/2022/texmf-dist/tex/latex/jknapltx/ursfs.fd
File: ursfs.fd 1998/03/24 rsfs font definition file (jk)
)) [1
Non-PDF special ignored!
<special> header=psfrag.pro


{d:/Engineering/texlive/2022/texmf-var/fonts/map/pdftex/updmap/pdftex.map}]
(./Includes/introduction.tex [2


] [3] [4]) (./Includes/theory.tex [5]

pdfTeX warning: pdflatex.exe (file ./Figures/Theory/ConstUV.pdf): PDF inclusion
: found PDF version <1.7>, but at most version <1.5> allowed
<Figures/Theory/ConstUV.pdf, id=380, 361.35pt x 289.08pt>
File: Figures/Theory/ConstUV.pdf Graphic file (type pdf)
<use Figures/Theory/ConstUV.pdf>
Package pdftex.def Info: Figures/Theory/ConstUV.pdf  used on input line 56.
(pdftex.def)             Requested size: 177.82945pt x 142.26378pt.
[6]

pdfTeX warning: pdflatex.exe (file ./Figures/Theory/PSR.pdf): PDF inclusion: fo
und PDF version <1.7>, but at most version <1.5> allowed
<Figures/Theory/PSR.pdf, id=404, 505.89pt x 289.08pt>
File: Figures/Theory/PSR.pdf Graphic file (type pdf)
<use Figures/Theory/PSR.pdf>
Package pdftex.def Info: Figures/Theory/PSR.pdf  used on input line 118.
(pdftex.def)             Requested size: 248.96123pt x 142.26378pt.
[7 <./Figures/Theory/ConstUV.pdf>]

pdfTeX warning: pdflatex.exe (file ./Figures/Theory/PFR.pdf): PDF inclusion: fo
und PDF version <1.7>, but at most version <1.5> allowed
<Figures/Theory/PFR.pdf, id=441, 361.35pt x 289.08pt>
File: Figures/Theory/PFR.pdf Graphic file (type pdf)
<use Figures/Theory/PFR.pdf>
Package pdftex.def Info: Figures/Theory/PFR.pdf  used on input line 190.
(pdftex.def)             Requested size: 177.82945pt x 142.26378pt.
[8 <./Figures/Theory/PSR.pdf>] [9 <./Figures/Theory/PFR.pdf>]

pdfTeX warning: pdflatex.exe (file ./Figures/Morphology.pdf): PDF inclusion: fo
und PDF version <1.7>, but at most version <1.5> allowed
<Figures/Morphology.pdf, id=556, 328.63078pt x 322.77087pt>
File: Figures/Morphology.pdf Graphic file (type pdf)
<use Figures/Morphology.pdf>
Package pdftex.def Info: Figures/Morphology.pdf  used on input line 279.
(pdftex.def)             Requested size: 173.81744pt x 170.71652pt.
[10] [11 <./Figures/Morphology.pdf>] [12]

pdfTeX warning: pdflatex.exe (file ./Figures/Theory/Sectional.pdf): PDF inclusi
on: found PDF version <1.7>, but at most version <1.5> allowed
<Figures/Theory/Sectional.pdf, id=630, 853.1875pt x 284.97766pt>
File: Figures/Theory/Sectional.pdf Graphic file (type pdf)
<use Figures/Theory/Sectional.pdf>
Package pdftex.def Info: Figures/Theory/Sectional.pdf  used on input line 482.
(pdftex.def)             Requested size: 340.7352pt x 113.81102pt.
[13] [14 <./Figures/Theory/Sectional.pdf>] [15]
Overfull \hbox (40.59984pt too wide) detected at line 775
[][][][][] \OT1/cmr/m/n/10 = [] []
 []

[16]
Overfull \hbox (9.07518pt too wide) in paragraph at lines 862--864
\OT1/cmr/m/n/10 The het-ero-ge-neous sur-face re-ac-tions are de-scribed by hyd
rogen-abstraction-acetylene-addition (HACA)
 []


LaTeX Warning: Command \r invalid in math mode on input line 885.


LaTeX Warning: Command \r invalid in math mode on input line 885.

[17] [18] [19] [20
pdfTeX warning (ext4): destination with the same identifier (name{equation.5.97
}) has been already used, duplicate ignored
<argument> ...shipout:D \box_use:N \l_shipout_box 
                                                  \__shipout_drop_firstpage_...
l.1141 
       
pdfTeX warning (ext4): destination with the same identifier (name{equation.5.97
}) has been already used, duplicate ignored
<argument> ...shipout:D \box_use:N \l_shipout_box 
                                                  \__shipout_drop_firstpage_...
l.1141 
       ] [21
pdfTeX warning (ext4): destination with the same identifier (name{equation.5.10
8}) has been already used, duplicate ignored
<argument> ...shipout:D \box_use:N \l_shipout_box 
                                                  \__shipout_drop_firstpage_...
l.1219 
       
pdfTeX warning (ext4): destination with the same identifier (name{equation.5.10
8}) has been already used, duplicate ignored
<argument> ...shipout:D \box_use:N \l_shipout_box 
                                                  \__shipout_drop_firstpage_...
l.1219 
       ]
Underfull \hbox (badness 10000) in paragraph at lines 1291--1292

 []

[22
pdfTeX warning (ext4): destination with the same identifier (name{equation.5.11
8}) has been already used, duplicate ignored
<argument> ...shipout:D \box_use:N \l_shipout_box 
                                                  \__shipout_drop_firstpage_...
l.1316 \end{equation}
                     
pdfTeX warning (ext4): destination with the same identifier (name{equation.5.11
8}) has been already used, duplicate ignored
<argument> ...shipout:D \box_use:N \l_shipout_box 
                                                  \__shipout_drop_firstpage_...
l.1316 \end{equation}
                     ] [23
pdfTeX warning (ext4): destination with the same identifier (name{equation.5.12
8}) has been already used, duplicate ignored
<argument> ...shipout:D \box_use:N \l_shipout_box 
                                                  \__shipout_drop_firstpage_...
l.1406 \end{equation}
                     
pdfTeX warning (ext4): destination with the same identifier (name{equation.5.12
8}) has been already used, duplicate ignored
<argument> ...shipout:D \box_use:N \l_shipout_box 
                                                  \__shipout_drop_firstpage_...
l.1406 \end{equation}
                     
pdfTeX warning (ext4): destination with the same identifier (name{equation.5.12
8}) has been already used, duplicate ignored
<argument> ...shipout:D \box_use:N \l_shipout_box 
                                                  \__shipout_drop_firstpage_...
l.1406 \end{equation}
                     ] [24] [25
pdfTeX warning (ext4): destination with the same identifier (name{equation.5.14
4}) has been already used, duplicate ignored
<argument> ...shipout:D \box_use:N \l_shipout_box 
                                                  \__shipout_drop_firstpage_...
l.1579 \end{equation*}
                      
pdfTeX warning (ext4): destination with the same identifier (name{equation.5.14
4}) has been already used, duplicate ignored
<argument> ...shipout:D \box_use:N \l_shipout_box 
                                                  \__shipout_drop_firstpage_...
l.1579 \end{equation*}
                      
pdfTeX warning (ext4): destination with the same identifier (name{equation.5.14
4}) has been already used, duplicate ignored
<argument> ...shipout:D \box_use:N \l_shipout_box 
                                                  \__shipout_drop_firstpage_...
l.1579 \end{equation*}
                      
pdfTeX warning (ext4): destination with the same identifier (name{equation.5.14
4}) has been already used, duplicate ignored
<argument> ...shipout:D \box_use:N \l_shipout_box 
                                                  \__shipout_drop_firstpage_...
l.1579 \end{equation*}
                      ] [26]) (./Includes/results/validation.tex [27]
<Figures/Results/Validation/Kernel/kernel_valid.pdf, id=1091, 563.70598pt x 433
.62pt>
File: Figures/Results/Validation/Kernel/kernel_valid.pdf Graphic file (type pdf
)
<use Figures/Results/Validation/Kernel/kernel_valid.pdf>
Package pdftex.def Info: Figures/Results/Validation/Kernel/kernel_valid.pdf  us
ed on input line 13.
(pdftex.def)             Requested size: 195.12767pt x 150.09529pt.


pdfTeX warning: pdflatex.exe (file ./Figures/Results/Validation/Coagulation/coa
gulation_scheme.pdf): PDF inclusion: found PDF version <1.7>, but at most versi
on <1.5> allowed
<Figures/Results/Validation/Coagulation/coagulation_scheme.pdf, id=1099, 1055.1
4195pt x 281.85298pt>
File: Figures/Results/Validation/Coagulation/coagulation_scheme.pdf Graphic fil
e (type pdf)
<use Figures/Results/Validation/Coagulation/coagulation_scheme.pdf>
Package pdftex.def Info: Figures/Results/Validation/Coagulation/coagulation_sch
eme.pdf  used on input line 35.
(pdftex.def)             Requested size: 390.25534pt x 104.24525pt.
[28 <./Figures/Results/Validation/Kernel/kernel_valid.pdf>]
<Figures/Results/Validation/Coagulation/N_agg_pri.pdf, id=1154, 505.89pt x 433.
62pt>
File: Figures/Results/Validation/Coagulation/N_agg_pri.pdf Graphic file (type p
df)
<use Figures/Results/Validation/Coagulation/N_agg_pri.pdf>
Package pdftex.def Info: Figures/Results/Validation/Coagulation/N_agg_pri.pdf  
used on input line 65.
(pdftex.def)             Requested size: 173.44534pt x 148.66614pt.
<Figures/Results/Validation/Coagulation/d_mg.pdf, id=1156, 505.89pt x 433.62pt>

File: Figures/Results/Validation/Coagulation/d_mg.pdf Graphic file (type pdf)
<use Figures/Results/Validation/Coagulation/d_mg.pdf>
Package pdftex.def Info: Figures/Results/Validation/Coagulation/d_mg.pdf  used 
on input line 71.
(pdftex.def)             Requested size: 173.44534pt x 148.66614pt.
 [29 <./Figures/Results/Validation/Coagulation/coagulation_scheme.pdf>]
<Figures/Results/Validation/Coagulation/sigmag.pdf, id=1215, 505.89pt x 397.485
pt>
File: Figures/Results/Validation/Coagulation/sigmag.pdf Graphic file (type pdf)

<use Figures/Results/Validation/Coagulation/sigmag.pdf>
Package pdftex.def Info: Figures/Results/Validation/Coagulation/sigmag.pdf  use
d on input line 114.
(pdftex.def)             Requested size: 173.44534pt x 136.27728pt.
<Figures/Results/Validation/Coagulation/PSD.pdf, id=1217, 505.89pt x 397.485pt>

File: Figures/Results/Validation/Coagulation/PSD.pdf Graphic file (type pdf)
<use Figures/Results/Validation/Coagulation/PSD.pdf>
Package pdftex.def Info: Figures/Results/Validation/Coagulation/PSD.pdf  used o
n input line 120.
(pdftex.def)             Requested size: 173.44534pt x 136.27728pt.
<Figures/Results/Validation/ConstUV/relerr_constuv.pdf, id=1226, 1011.78pt x 79
4.97pt>
File: Figures/Results/Validation/ConstUV/relerr_constuv.pdf Graphic file (type 
pdf)
<use Figures/Results/Validation/ConstUV/relerr_constuv.pdf>
Package pdftex.def Info: Figures/Results/Validation/ConstUV/relerr_constuv.pdf 
 used on input line 136.
(pdftex.def)             Requested size: 346.89731pt x 272.56671pt.
 [30 <./Figures/Results/Validation/Coagulation/N_agg_pri.pdf> <./Figures/Result
s/Validation/Coagulation/d_mg.pdf> <./Figures/Results/Validation/Coagulation/si
gmag.pdf> <./Figures/Results/Validation/Coagulation/PSD.pdf>]
<Figures/Results/Validation/PFR/relerr_pfr.pdf, id=1284, 1011.78pt x 794.97pt>
File: Figures/Results/Validation/PFR/relerr_pfr.pdf Graphic file (type pdf)
<use Figures/Results/Validation/PFR/relerr_pfr.pdf>
Package pdftex.def Info: Figures/Results/Validation/PFR/relerr_pfr.pdf  used on
 input line 147.
(pdftex.def)             Requested size: 346.89731pt x 272.56671pt.
 [31 <./Figures/Results/Validation/ConstUV/relerr_constuv.pdf>]
<Figures/Results/Validation/PSR/relerr_psr.pdf, id=1336, 1011.78pt x 794.97pt>
File: Figures/Results/Validation/PSR/relerr_psr.pdf Graphic file (type pdf)
<use Figures/Results/Validation/PSR/relerr_psr.pdf>
Package pdftex.def Info: Figures/Results/Validation/PSR/relerr_psr.pdf  used on
 input line 158.
(pdftex.def)             Requested size: 346.89731pt x 272.56671pt.
) (./Includes/results/effectparticle.tex [32 <./Figures/Results/Validation/PFR/
relerr_pfr.pdf>]) (./Includes/results/psr.tex
<Figures/Results/PSR/PSD_eq_ratio_log.pdf, id=1393, 1409.265pt x 448.07399pt>
File: Figures/Results/PSR/PSD_eq_ratio_log.pdf Graphic file (type pdf)
<use Figures/Results/PSR/PSD_eq_ratio_log.pdf>
Package pdftex.def Info: Figures/Results/PSR/PSD_eq_ratio_log.pdf  used on inpu
t line 8.
(pdftex.def)             Requested size: 433.62pt x 137.8691pt.
 [33 <./Figures/Results/Validation/PSR/relerr_psr.pdf>]
<Figures/Results/PSR/d_p_eq_ratio_all_single_mech.pdf, id=1448, 1409.265pt x 44
8.07399pt>
File: Figures/Results/PSR/d_p_eq_ratio_all_single_mech.pdf Graphic file (type p
df)
<use Figures/Results/PSR/d_p_eq_ratio_all_single_mech.pdf>
Package pdftex.def Info: Figures/Results/PSR/d_p_eq_ratio_all_single_mech.pdf  
used on input line 20.
(pdftex.def)             Requested size: 433.62pt x 137.8691pt.
<Figures/Results/PSR/f_v_eq_ratio_all_single_mech.pdf, id=1451, 1409.265pt x 48
4.209pt>
File: Figures/Results/PSR/f_v_eq_ratio_all_single_mech.pdf Graphic file (type p
df)
<use Figures/Results/PSR/f_v_eq_ratio_all_single_mech.pdf>
Package pdftex.def Info: Figures/Results/PSR/f_v_eq_ratio_all_single_mech.pdf  
used on input line 27.
(pdftex.def)             Requested size: 433.62pt x 148.98758pt.
<Figures/Results/PSR/I_inc_eq_ratio_all_single_mech.pdf, id=1454, 1409.265pt x 
484.209pt>
File: Figures/Results/PSR/I_inc_eq_ratio_all_single_mech.pdf Graphic file (type
 pdf)
<use Figures/Results/PSR/I_inc_eq_ratio_all_single_mech.pdf>
Package pdftex.def Info: Figures/Results/PSR/I_inc_eq_ratio_all_single_mech.pdf
  used on input line 34.
(pdftex.def)             Requested size: 433.62pt x 148.98758pt.
 [34 <./Figures/Results/PSR/PSD_eq_ratio_log.pdf> <./Figures/Results/PSR/d_p_eq
_ratio_all_single_mech.pdf> <./Figures/Results/PSR/f_v_eq_ratio_all_single_mech
.pdf>]
<Figures/Results/PSR/PAH_rate_eq_ratio_all_single_mech.pdf, id=1498, 1409.265pt
 x 484.209pt>
File: Figures/Results/PSR/PAH_rate_eq_ratio_all_single_mech.pdf Graphic file (t
ype pdf)
<use Figures/Results/PSR/PAH_rate_eq_ratio_all_single_mech.pdf>
Package pdftex.def Info: Figures/Results/PSR/PAH_rate_eq_ratio_all_single_mech.
pdf  used on input line 41.
(pdftex.def)             Requested size: 433.62pt x 148.98758pt.
<Figures/Results/PSR/A2R5_eq_ratio_all_single_mech.pdf, id=1501, 1409.265pt x 4
84.209pt>
File: Figures/Results/PSR/A2R5_eq_ratio_all_single_mech.pdf Graphic file (type 
pdf)
<use Figures/Results/PSR/A2R5_eq_ratio_all_single_mech.pdf>
Package pdftex.def Info: Figures/Results/PSR/A2R5_eq_ratio_all_single_mech.pdf 
 used on input line 48.
(pdftex.def)             Requested size: 433.62pt x 148.98758pt.
) (./Includes/results/pfr.tex
[35 <./Figures/Results/PSR/I_inc_eq_ratio_all_single_mech.pdf> <./Figures/Resul
ts/PSR/PAH_rate_eq_ratio_all_single_mech.pdf>]
<Figures/Results/PFR/PSD_diffQ.pdf, id=1537, 1416.49196pt x 440.84702pt>
File: Figures/Results/PFR/PSD_diffQ.pdf Graphic file (type pdf)
<use Figures/Results/PFR/PSD_diffQ.pdf>
Package pdftex.def Info: Figures/Results/PFR/PSD_diffQ.pdf  used on input line 
7.
(pdftex.def)             Requested size: 433.62pt x 134.95256pt.
<Figures/Results/PFR/N_agg.pdf, id=1543, 1416.49196pt x 440.84702pt>
File: Figures/Results/PFR/N_agg.pdf Graphic file (type pdf)
<use Figures/Results/PFR/N_agg.pdf>
Package pdftex.def Info: Figures/Results/PFR/N_agg.pdf  used on input line 19.
(pdftex.def)             Requested size: 433.62pt x 134.95256pt.
 [36 <./Figures/Results/PSR/A2R5_eq_ratio_all_single_mech.pdf> <./Figures/Resul
ts/PFR/PSD_diffQ.pdf>]
<Figures/Results/PFR/inception.pdf, id=1580, 1416.49196pt x 440.84702pt>
File: Figures/Results/PFR/inception.pdf Graphic file (type pdf)
<use Figures/Results/PFR/inception.pdf>
Package pdftex.def Info: Figures/Results/PFR/inception.pdf  used on input line 
28.
(pdftex.def)             Requested size: 433.62pt x 134.95256pt.
)
(./Includes/results/shocktube.tex
<Figures/Results/Shocktube/Agafonov2016/SPC_cmf.pdf, id=1583, 469.755pt x 397.4
85pt>
File: Figures/Results/Shocktube/Agafonov2016/SPC_cmf.pdf Graphic file (type pdf
)
<use Figures/Results/Shocktube/Agafonov2016/SPC_cmf.pdf>
Package pdftex.def Info: Figures/Results/Shocktube/Agafonov2016/SPC_cmf.pdf  us
ed on input line 9.
(pdftex.def)             Requested size: 173.44534pt x 146.75781pt.
<Figures/Results/Shocktube/Agafonov2016/C2H2_cmf.pdf, id=1584, 469.755pt x 397.
485pt>
File: Figures/Results/Shocktube/Agafonov2016/C2H2_cmf.pdf Graphic file (type pd
f)
<use Figures/Results/Shocktube/Agafonov2016/C2H2_cmf.pdf>
Package pdftex.def Info: Figures/Results/Shocktube/Agafonov2016/C2H2_cmf.pdf  u
sed on input line 12.
(pdftex.def)             Requested size: 173.44534pt x 146.75781pt.
 [37 <./Figures/Results/PFR/N_agg.pdf> <./Figures/Results/PFR/inception.pdf>]
<Figures/Results/Shocktube/Agafonov2016/carbon_yield.pdf, id=1618, 939.51pt x 4
33.62pt>
File: Figures/Results/Shocktube/Agafonov2016/carbon_yield.pdf Graphic file (typ
e pdf)
<use Figures/Results/Shocktube/Agafonov2016/carbon_yield.pdf>
Package pdftex.def Info: Figures/Results/Shocktube/Agafonov2016/carbon_yield.pd
f  used on input line 24.
(pdftex.def)             Requested size: 346.89731pt x 160.10606pt.
<Figures/Results/Shocktube/Agafonov2016/d_p.pdf, id=1625, 939.51pt x 433.62pt>
File: Figures/Results/Shocktube/Agafonov2016/d_p.pdf Graphic file (type pdf)
<use Figures/Results/Shocktube/Agafonov2016/d_p.pdf>
Package pdftex.def Info: Figures/Results/Shocktube/Agafonov2016/d_p.pdf  used o
n input line 36.
(pdftex.def)             Requested size: 346.89731pt x 160.10606pt.
 [38 <./Figures/Results/Shocktube/Agafonov2016/SPC_cmf.pdf> <./Figures/Results/
Shocktube/Agafonov2016/C2H2_cmf.pdf> <./Figures/Results/Shocktube/Agafonov2016/
carbon_yield.pdf>]
<Figures/Results/Shocktube/Agafonov2016/carbon_yield_maxincads.pdf, id=1661, 89
6.148pt x 722.7pt>
File: Figures/Results/Shocktube/Agafonov2016/carbon_yield_maxincads.pdf Graphic
 file (type pdf)
<use Figures/Results/Shocktube/Agafonov2016/carbon_yield_maxincads.pdf>
Package pdftex.def Info: Figures/Results/Shocktube/Agafonov2016/carbon_yield_ma
xincads.pdf  used on input line 46.
(pdftex.def)             Requested size: 346.89731pt x 279.75664pt.
<Figures/Results/Shocktube/Agafonov2016/d_p_maxincads.pdf, id=1668, 896.148pt x
 722.7pt>
File: Figures/Results/Shocktube/Agafonov2016/d_p_maxincads.pdf Graphic file (ty
pe pdf)
<use Figures/Results/Shocktube/Agafonov2016/d_p_maxincads.pdf>
Package pdftex.def Info: Figures/Results/Shocktube/Agafonov2016/d_p_maxincads.p
df  used on input line 58.
(pdftex.def)             Requested size: 346.89731pt x 279.75664pt.
) [39 <./Figures/Results/Shocktube/Agafonov2016/d_p.pdf> <./Figures/Results/Sho
cktube/Agafonov2016/carbon_yield_maxincads.pdf>] [40 <./Figures/Results/Shocktu
be/Agafonov2016/d_p_maxincads.pdf>] (./main.bbl [41

] [42] [43] [44] [45] [46] [47]) [48] (./main.aux
(./Includes/title.aux))

LaTeX Warning: There were multiply-defined labels.

Package rerunfilecheck Info: File `main.out' has not changed.
(rerunfilecheck)             Checksum: 28B9EF31678E99DEEDAF7FCEDF96A11D;5669.
 ) 
Here is how much of TeX's memory you used:
 32333 strings out of 476093
 655853 string characters out of 5789595
 1883787 words of memory out of 5000000
 51683 multiletter control sequences out of 15000+600000
 524300 words of font info for 79 fonts, out of 8000000 for 9000
 1141 hyphenation exceptions out of 8191
 117i,25n,111p,2259b,1239s stack positions out of 10000i,1000n,20000p,200000b,200000s
{d:/Engineering/texlive/2022/texmf-dist/fonts/enc/dvips/cm-super/cm-super-ts1
.enc}<d:/Engineering/texlive/2022/texmf-dist/fonts/type1/public/amsfonts/cm/cmb
x10.pfb><d:/Engineering/texlive/2022/texmf-dist/fonts/type1/public/amsfonts/cm/
cmbx12.pfb><d:/Engineering/texlive/2022/texmf-dist/fonts/type1/public/amsfonts/
cm/cmex10.pfb><d:/Engineering/texlive/2022/texmf-dist/fonts/type1/public/amsfon
ts/cm/cmmi10.pfb><d:/Engineering/texlive/2022/texmf-dist/fonts/type1/public/ams
fonts/cm/cmmi12.pfb><d:/Engineering/texlive/2022/texmf-dist/fonts/type1/public/
amsfonts/cm/cmmi5.pfb><d:/Engineering/texlive/2022/texmf-dist/fonts/type1/publi
c/amsfonts/cm/cmmi7.pfb><d:/Engineering/texlive/2022/texmf-dist/fonts/type1/pub
lic/amsfonts/cm/cmr10.pfb><d:/Engineering/texlive/2022/texmf-dist/fonts/type1/p
ublic/amsfonts/cm/cmr12.pfb><d:/Engineering/texlive/2022/texmf-dist/fonts/type1
/public/amsfonts/cm/cmr17.pfb><d:/Engineering/texlive/2022/texmf-dist/fonts/typ
e1/public/amsfonts/cm/cmr5.pfb><d:/Engineering/texlive/2022/texmf-dist/fonts/ty
pe1/public/amsfonts/cm/cmr7.pfb><d:/Engineering/texlive/2022/texmf-dist/fonts/t
ype1/public/amsfonts/cm/cmr8.pfb><d:/Engineering/texlive/2022/texmf-dist/fonts/
type1/public/amsfonts/cm/cmsy10.pfb><d:/Engineering/texlive/2022/texmf-dist/fon
ts/type1/public/amsfonts/cm/cmsy5.pfb><d:/Engineering/texlive/2022/texmf-dist/f
onts/type1/public/amsfonts/cm/cmsy7.pfb><d:/Engineering/texlive/2022/texmf-dist
/fonts/type1/public/amsfonts/cm/cmti10.pfb><d:/Engineering/texlive/2022/texmf-d
ist/fonts/type1/public/amsfonts/cm/cmtt10.pfb><d:/Engineering/texlive/2022/texm
f-dist/fonts/type1/public/cm-super/sfrm0600.pfb><d:/Engineering/texlive/2022/te
xmf-dist/fonts/type1/public/cm-super/sfrm0700.pfb><d:/Engineering/texlive/2022/
texmf-dist/fonts/type1/public/cm-super/sfrm0800.pfb><d:/Engineering/texlive/202
2/texmf-dist/fonts/type1/public/cm-super/sfrm1000.pfb>
Output written on main.pdf (48 pages, 1137423 bytes).
PDF statistics:
 1927 PDF objects out of 2073 (max. 8388607)
 1527 compressed objects within 16 object streams
 440 named destinations out of 1000 (max. 500000)
 422 words of extra memory for PDF output out of 10000 (max. 10000000)

